<?xml version="1.0" encoding="UTF-8"?>
<testng-results skipped="0" failed="0" ignored="0" total="2" passed="2">
  <reporter-output>
  </reporter-output>
  <suite name="Default suite" duration-ms="61357" started-at="2020-04-13T10:49:17 IST" finished-at="2020-04-13T10:50:18 IST">
    <groups>
    </groups>
    <test name="Default test" duration-ms="61357" started-at="2020-04-13T10:49:17 IST" finished-at="2020-04-13T10:50:18 IST">
      <class name="codeCharge.Runner.LoginRunner">
        <test-method status="PASS" signature="setUP()[pri:0, instance:codeCharge.Runner.LoginRunner@5faeada1]" name="setUP" is-config="true" duration-ms="541" started-at="2020-04-13T10:49:17 IST" finished-at="2020-04-13T10:49:17 IST">
          <reporter-output>
          </reporter-output>
        </test-method> <!-- setUP -->
        <test-method status="PASS" signature="login(cucumber.api.testng.CucumberFeatureWrapper)[pri:0, instance:codeCharge.Runner.LoginRunner@5faeada1]" name="login" duration-ms="32362" started-at="2020-04-13T10:49:17 IST" description="login" data-provider="features" finished-at="2020-04-13T10:49:50 IST">
          <params>
            <param index="0">
              <value>
                <![CDATA[http://examples.codecharge.com/TaskManager/Default.php]]>
              </value>
            </param>
          </params>
          <reporter-output>
          </reporter-output>
        </test-method> <!-- login -->
        <test-method status="PASS" signature="login(cucumber.api.testng.CucumberFeatureWrapper)[pri:0, instance:codeCharge.Runner.LoginRunner@5faeada1]" name="login" duration-ms="25577" started-at="2020-04-13T10:49:50 IST" description="login" data-provider="features" finished-at="2020-04-13T10:50:15 IST">
          <params>
            <param index="0">
              <value>
                <![CDATA[Employee]]>
              </value>
            </param>
          </params>
          <reporter-output>
          </reporter-output>
        </test-method> <!-- login -->
        <test-method status="PASS" signature="tearDown()[pri:0, instance:codeCharge.Runner.LoginRunner@5faeada1]" name="tearDown" is-config="true" duration-ms="1959" started-at="2020-04-13T10:50:16 IST" finished-at="2020-04-13T10:50:18 IST">
          <reporter-output>
          </reporter-output>
        </test-method> <!-- tearDown -->
      </class> <!-- codeCharge.Runner.LoginRunner -->
    </test> <!-- Default test -->
  </suite> <!-- Default suite -->
</testng-results>
